[tensorflow] MRYAKAN-SB1:/mnt/t/TEMP DOWNLOADS/Deep Learning Data Sets> python /home/mryakan/workspace/Projects/Cruz/Udacity/Deep_Learning/exercises/mnist_train_logreg.py
Enter top level directory containing the pickled dataset files [default='.']:

Trying to load regular dataset from pickle file /mnt/t/TEMP DOWNLOADS/Deep Learning Data Sets/notMNIST.pickle ...
Loaded regular data.
Trying to load sanitized dataset from pickle file /mnt/t/TEMP DOWNLOADS/Deep Learning Data Sets/notMNIST.pickle ...
Trying to load sanitized dataset from pickle file /mnt/t/TEMP DOWNLOADS/Deep Learning Data Sets/notMNIST.pickle ...
Loaded Sanitized data.
Training Logistic Regression classifier on original data (CV=False)...
Fitting using training data (dataset size=50)...
Calculating cross validation scores on training data...
/home/mryakan/workspace/tensorflow/lib/python3.4/site-packages/sklearn/model_selection/_split.py:579: Warning: The least populated class in y has only 1 members, which is too few. The minimum number of groups for any class cannot be less than n_splits=3.
  % (min_groups, self.n_splits)), Warning)
Fitting using training data (dataset size=100)...
Calculating cross validation scores on training data...
Fitting using training data (dataset size=1000)...
Calculating cross validation scores on training data...
Fitting using training data (dataset size=5000)...
Calculating cross validation scores on training data...
Fitting using training data (dataset size=200000)...
Calculating cross validation scores on training data...
Mean accuracy for original data using 50 samples: 0.585802742149
Mean accuracy for original data using 100 samples: 0.580669919412
Mean accuracy for original data using 1000 samples: 0.749905953645
Mean accuracy for original data using 5000 samples: 0.777423364839
Mean accuracy for original data using 200000 samples: 0.822220042613

Training Logistic Regression classifier on original data (CV=True)...
Fitting using training data (dataset size=50)...
/home/mryakan/workspace/tensorflow/lib/python3.4/site-packages/sklearn/model_selection/_split.py:579: Warning: The least populated class in y has only 1 members, which is too few. The minimum number of groups for any class cannot be less than n_splits=3.
  % (min_groups, self.n_splits)), Warning)
Calculating cross validation scores on training data...
/home/mryakan/workspace/tensorflow/lib/python3.4/site-packages/sklearn/model_selection/_split.py:579: Warning: The least populated class in y has only 2 members, which is too few. The minimum number of groups for any class cannot be less than n_splits=3.
  % (min_groups, self.n_splits)), Warning)
/home/mryakan/workspace/tensorflow/lib/python3.4/site-packages/sklearn/model_selection/_split.py:579: Warning: The least populated class in y has only 1 members, which is too few. The minimum number of groups for any class cannot be less than n_splits=3.
  % (min_groups, self.n_splits)), Warning)
/home/mryakan/workspace/tensorflow/lib/python3.4/site-packages/sklearn/model_selection/_split.py:579: Warning: The least populated class in y has only 1 members, which is too few. The minimum number of groups for any class cannot be less than n_splits=3.
  % (min_groups, self.n_splits)), Warning)
Fitting using training data (dataset size=100)...
Calculating cross validation scores on training data...
Fitting using training data (dataset size=1000)...
Calculating cross validation scores on training data...
Fitting using training data (dataset size=5000)...
Calculating cross validation scores on training data...
Fitting using training data (dataset size=200000)...
Calculating cross validation scores on training data...
Mean accuracy for original data using 50 samples: 0.470145953118
Mean accuracy for original data using 100 samples: 0.592164172286
Mean accuracy for original data using 1000 samples: 0.761033962318
Mean accuracy for original data using 5000 samples: 0.807217767802
Mean accuracy for original data using 200000 samples: 0.824505048375

Training Logistic Regression classifier on sanitized data (CV=False)...
Fitting using training data (dataset size=50)...
Calculating cross validation scores on training data...
/home/mryakan/workspace/tensorflow/lib/python3.4/site-packages/sklearn/model_selection/_split.py:579: Warning: The least populated class in y has only 1 members, which is too few. The minimum number of groups for any class cannot be less than n_splits=3.
  % (min_groups, self.n_splits)), Warning)
Fitting using training data (dataset size=100)...
Calculating cross validation scores on training data...
Fitting using training data (dataset size=1000)...
Calculating cross validation scores on training data...
Fitting using training data (dataset size=5000)...
Calculating cross validation scores on training data...
Fitting using training data (dataset size=184721)...
Calculating cross validation scores on training data...
Mean accuracy for sanitized data using 50 samples: 0.585802742149
Mean accuracy for sanitized data using 100 samples: 0.569389978214
Mean accuracy for sanitized data using 1000 samples: 0.750998328019
Mean accuracy for sanitized data using 5000 samples: 0.772623830164
Mean accuracy for sanitized data using 184721 samples: 0.81675594624

Training Logistic Regression classifier on sanitized data (CV=True)...
Fitting using training data (dataset size=50)...
/home/mryakan/workspace/tensorflow/lib/python3.4/site-packages/sklearn/model_selection/_split.py:579: Warning: The least populated class in y has only 1 members, which is too few. The minimum number of groups for any class cannot be less than n_splits=3.
  % (min_groups, self.n_splits)), Warning)
Calculating cross validation scores on training data...
/home/mryakan/workspace/tensorflow/lib/python3.4/site-packages/sklearn/model_selection/_split.py:579: Warning: The least populated class in y has only 2 members, which is too few. The minimum number of groups for any class cannot be less than n_splits=3.
  % (min_groups, self.n_splits)), Warning)
/home/mryakan/workspace/tensorflow/lib/python3.4/site-packages/sklearn/model_selection/_split.py:579: Warning: The least populated class in y has only 1 members, which is too few. The minimum number of groups for any class cannot be less than n_splits=3.
  % (min_groups, self.n_splits)), Warning)
/home/mryakan/workspace/tensorflow/lib/python3.4/site-packages/sklearn/model_selection/_split.py:579: Warning: The least populated class in y has only 1 members, which is too few. The minimum number of groups for any class cannot be less than n_splits=3.
  % (min_groups, self.n_splits)), Warning)
Fitting using training data (dataset size=100)...
Calculating cross validation scores on training data...
Fitting using training data (dataset size=1000)...
Calculating cross validation scores on training data...
Fitting using training data (dataset size=5000)...
Calculating cross validation scores on training data...
Fitting using training data (dataset size=184721)...
Calculating cross validation scores on training data...
Mean accuracy for sanitized data using 50 samples: 0.470145953118
Mean accuracy for sanitized data using 100 samples: 0.581808278867
Mean accuracy for sanitized data using 1000 samples: 0.768085582083
Mean accuracy for sanitized data using 5000 samples: 0.805217918463
Mean accuracy for sanitized data using 184721 samples: 0.819478988431
